Error creating default admin user: AccessDeniedError [SequelizeAccessDeniedError]: Access denied for user 'odelice'@'localhost' (using password: YES)
    at ConnectionManager.connect (/home/gohardnu/nodevenv/odelice/16/lib/node_modules/sequelize/lib/dialects/mysql/connection-manager.js:94:17)
    at processTicksAndRejections (node:internal/process/task_queues:96:5)
    at async ConnectionManager._connect (/home/gohardnu/nodevenv/odelice/16/lib/node_modules/sequelize/lib/dialects/abstract/connection-manager.js:222:24)
    at async /home/gohardnu/nodevenv/odelice/16/lib/node_modules/sequelize/lib/dialects/abstract/connection-manager.js:174:32 {
  parent: Error: Access denied for user 'odelice'@'localhost' (using password: YES)
      at Packet.asError (/home/gohardnu/nodevenv/odelice/16/lib/node_modules/mysql2/lib/packets/packet.js:728:17)
      at ClientHandshake.execute (/home/gohardnu/nodevenv/odelice/16/lib/node_modules/mysql2/lib/commands/command.js:29:26)
      at Connection.handlePacket (/home/gohardnu/nodevenv/odelice/16/lib/node_modules/mysql2/lib/connection.js:478:34)
      at PacketParser.onPacket (/home/gohardnu/nodevenv/odelice/16/lib/node_modules/mysql2/lib/connection.js:97:12)
      at PacketParser.executeStart (/home/gohardnu/nodevenv/odelice/16/lib/node_modules/mysql2/lib/packet_parser.js:75:16)
      at Socket.<anonymous> (/home/gohardnu/nodevenv/odelice/16/lib/node_modules/mysql2/lib/connection.js:104:25)
      at Socket.emit (node:events:513:28)
      at addChunk (node:internal/streams/readable:315:12)
      at readableAddChunk (node:internal/streams/readable:289:9)
      at Socket.Readable.push (node:internal/streams/readable:228:10) {
    code: 'ER_ACCESS_DENIED_ERROR',
    errno: 1045,
    sqlState: '28000',
    sqlMessage: "Access denied for user 'odelice'@'localhost' (using password: YES)",
    sql: undefined
  },
  original: Error: Access denied for user 'odelice'@'localhost' (using password: YES)
      at Packet.asError (/home/gohardnu/nodevenv/odelice/16/lib/node_modules/mysql2/lib/packets/packet.js:728:17)
      at ClientHandshake.execute (/home/gohardnu/nodevenv/odelice/16/lib/node_modules/mysql2/lib/commands/command.js:29:26)
      at Connection.handlePacket (/home/gohardnu/nodevenv/odelice/16/lib/node_modules/mysql2/lib/connection.js:478:34)
      at PacketParser.onPacket (/home/gohardnu/nodevenv/odelice/16/lib/node_modules/mysql2/lib/connection.js:97:12)
      at PacketParser.executeStart (/home/gohardnu/nodevenv/odelice/16/lib/node_modules/mysql2/lib/packet_parser.js:75:16)
      at Socket.<anonymous> (/home/gohardnu/nodevenv/odelice/16/lib/node_modules/mysql2/lib/connection.js:104:25)
      at Socket.emit (node:events:513:28)
      at addChunk (node:internal/streams/readable:315:12)
      at readableAddChunk (node:internal/streams/readable:289:9)
      at Socket.Readable.push (node:internal/streams/readable:228:10) {
    code: 'ER_ACCESS_DENIED_ERROR',
    errno: 1045,
    sqlState: '28000',
    sqlMessage: "Access denied for user 'odelice'@'localhost' (using password: YES)",
    sql: undefined
  }
}
Error synchronizing models with the database: AccessDeniedError [SequelizeAccessDeniedError]: Access denied for user 'odelice'@'localhost' (using password: YES)
    at ConnectionManager.connect (/home/gohardnu/nodevenv/odelice/16/lib/node_modules/sequelize/lib/dialects/mysql/connection-manager.js:94:17)
    at processTicksAndRejections (node:internal/process/task_queues:96:5)
    at async ConnectionManager._connect (/home/gohardnu/nodevenv/odelice/16/lib/node_modules/sequelize/lib/dialects/abstract/connection-manager.js:222:24)
    at async /home/gohardnu/nodevenv/odelice/16/lib/node_modules/sequelize/lib/dialects/abstract/connection-manager.js:174:32 {
  parent: Error: Access denied for user 'odelice'@'localhost' (using password: YES)
      at Packet.asError (/home/gohardnu/nodevenv/odelice/16/lib/node_modules/mysql2/lib/packets/packet.js:728:17)
      at ClientHandshake.execute (/home/gohardnu/nodevenv/odelice/16/lib/node_modules/mysql2/lib/commands/command.js:29:26)
      at Connection.handlePacket (/home/gohardnu/nodevenv/odelice/16/lib/node_modules/mysql2/lib/connection.js:478:34)
      at PacketParser.onPacket (/home/gohardnu/nodevenv/odelice/16/lib/node_modules/mysql2/lib/connection.js:97:12)
      at PacketParser.executeStart (/home/gohardnu/nodevenv/odelice/16/lib/node_modules/mysql2/lib/packet_parser.js:75:16)
      at Socket.<anonymous> (/home/gohardnu/nodevenv/odelice/16/lib/node_modules/mysql2/lib/connection.js:104:25)
      at Socket.emit (node:events:513:28)
      at addChunk (node:internal/streams/readable:315:12)
      at readableAddChunk (node:internal/streams/readable:289:9)
      at Socket.Readable.push (node:internal/streams/readable:228:10) {
    code: 'ER_ACCESS_DENIED_ERROR',
    errno: 1045,
    sqlState: '28000',
    sqlMessage: "Access denied for user 'odelice'@'localhost' (using password: YES)",
    sql: undefined
  },
  original: Error: Access denied for user 'odelice'@'localhost' (using password: YES)
      at Packet.asError (/home/gohardnu/nodevenv/odelice/16/lib/node_modules/mysql2/lib/packets/packet.js:728:17)
      at ClientHandshake.execute (/home/gohardnu/nodevenv/odelice/16/lib/node_modules/mysql2/lib/commands/command.js:29:26)
      at Connection.handlePacket (/home/gohardnu/nodevenv/odelice/16/lib/node_modules/mysql2/lib/connection.js:478:34)
      at PacketParser.onPacket (/home/gohardnu/nodevenv/odelice/16/lib/node_modules/mysql2/lib/connection.js:97:12)
      at PacketParser.executeStart (/home/gohardnu/nodevenv/odelice/16/lib/node_modules/mysql2/lib/packet_parser.js:75:16)
      at Socket.<anonymous> (/home/gohardnu/nodevenv/odelice/16/lib/node_modules/mysql2/lib/connection.js:104:25)
      at Socket.emit (node:events:513:28)
      at addChunk (node:internal/streams/readable:315:12)
      at readableAddChunk (node:internal/streams/readable:289:9)
      at Socket.Readable.push (node:internal/streams/readable:228:10) {
    code: 'ER_ACCESS_DENIED_ERROR',
    errno: 1045,
    sqlState: '28000',
    sqlMessage: "Access denied for user 'odelice'@'localhost' (using password: YES)",
    sql: undefined
  }
}
